{"C:\\Users\\ignat\\Desktop\\Unit-TEST\\src\\health.js": {"path":"C:\\Users\\ignat\\Desktop\\Unit-TEST\\src\\health.js","statementMap":{"0":{"start":{"line":2,"column":18},"end":{"line":2,"column":27}},"1":{"start":{"line":3,"column":18},"end":{"line":3,"column":27}},"2":{"start":{"line":4,"column":19},"end":{"line":4,"column":29}},"3":{"start":{"line":6,"column":2},"end":{"line":12,"column":3}},"4":{"start":{"line":7,"column":4},"end":{"line":7,"column":21}},"5":{"start":{"line":8,"column":9},"end":{"line":12,"column":3}},"6":{"start":{"line":9,"column":4},"end":{"line":9,"column":21}},"7":{"start":{"line":11,"column":4},"end":{"line":11,"column":22}}},"fnMap":{"0":{"name":"calculateHealthStatus","decl":{"start":{"line":1,"column":16},"end":{"line":1,"column":37}},"loc":{"start":{"line":1,"column":49},"end":{"line":13,"column":1}},"line":1}},"branchMap":{"0":{"loc":{"start":{"line":6,"column":2},"end":{"line":12,"column":3}},"type":"if","locations":[{"start":{"line":6,"column":2},"end":{"line":12,"column":3}},{"start":{"line":8,"column":9},"end":{"line":12,"column":3}}],"line":6},"1":{"loc":{"start":{"line":8,"column":9},"end":{"line":12,"column":3}},"type":"if","locations":[{"start":{"line":8,"column":9},"end":{"line":12,"column":3}},{"start":{"line":10,"column":9},"end":{"line":12,"column":3}}],"line":8},"2":{"loc":{"start":{"line":8,"column":13},"end":{"line":8,"column":61}},"type":"binary-expr","locations":[{"start":{"line":8,"column":13},"end":{"line":8,"column":35}},{"start":{"line":8,"column":39},"end":{"line":8,"column":61}}],"line":8}},"s":{"0":5,"1":5,"2":5,"3":5,"4":1,"5":4,"6":3,"7":1},"f":{"0":5},"b":{"0":[1,4],"1":[3,1],"2":[4,3]},"_coverageSchema":"1a1c01bbd47fc00a2c39e90264f33305004495a9","hash":"5e3855b980abde65fef1079a4ac6ac84f464abf8"}
}
